2025-01-18 14:32:49 - Starting FeignClientConsumerServiceApplication using Java 17.0.12 with PID 3140 (C:\Users\Jitesh\Documents\services\FeignClientConsumerService\target\classes started by Jitesh in C:\Users\Jitesh\Documents\services\FeignClientConsumerService)
2025-01-18 14:32:49 - No active profile set, falling back to 1 default profile: "default"
2025-01-18 14:32:49 - BeanFactory id=09730233-8802-32db-a29d-b6cec1061cbe
2025-01-18 14:32:50 - Tomcat initialized with port 8080 (http)
2025-01-18 14:32:50 - Initializing ProtocolHandler ["http-nio-8080"]
2025-01-18 14:32:50 - Starting service [Tomcat]
2025-01-18 14:32:50 - Starting Servlet engine: [Apache Tomcat/10.1.34]
2025-01-18 14:32:50 - Initializing Spring embedded WebApplicationContext
2025-01-18 14:32:50 - Root WebApplicationContext: initialization completed in 797 ms
2025-01-18 14:32:50 - Failed to set up a Bean Validation provider: jakarta.validation.NoProviderFoundException: Unable to create a Configuration, because no Jakarta Bean Validation provider could be found. Add a provider like Hibernate Validator (RI) to your classpath.
2025-01-18 14:32:50 - Starting ProtocolHandler ["http-nio-8080"]
2025-01-18 14:32:50 - Tomcat started on port 8080 (http) with context path '/'
2025-01-18 14:32:50 - Started FeignClientConsumerServiceApplication in 2.145 seconds (process running for 2.637)
2025-01-18 14:33:30 - Initializing Spring DispatcherServlet 'dispatcherServlet'
2025-01-18 14:33:30 - Initializing Servlet 'dispatcherServlet'
2025-01-18 14:33:30 - Completed initialization in 0 ms
2025-01-18 14:33:30 - calling producer
2025-01-18 14:33:46 - calling producer
2025-01-18 14:33:46 - calling producer
2025-01-18 14:33:46 - calling producer
2025-01-18 14:33:47 - calling producer
2025-01-18 14:33:47 - calling producer
2025-01-18 14:33:47 - calling producer
2025-01-18 14:33:47 - calling producer
2025-01-18 14:33:48 - calling producer
2025-01-18 14:33:48 - calling producer
2025-01-18 14:33:48 - calling producer
2025-01-18 14:33:48 - calling producer
2025-01-18 14:33:48 - calling producer
2025-01-18 14:33:49 - calling producer
2025-01-18 14:33:49 - calling producer
2025-01-18 14:33:49 - calling producer
2025-01-18 14:33:49 - calling producer
2025-01-18 14:33:49 - calling producer
2025-01-18 14:33:50 - calling producer
2025-01-18 14:33:50 - calling producer
2025-01-18 14:33:50 - calling producer
2025-01-18 14:33:50 - calling producer
2025-01-18 14:33:50 - calling producer
2025-01-18 14:34:54 - Application shutdown requested.
2025-01-18 14:34:54 - Commencing graceful shutdown. Waiting for active requests to complete
2025-01-18 14:34:54 - Pausing ProtocolHandler ["http-nio-8080"]
2025-01-18 14:34:54 - Graceful shutdown complete
2025-01-18 14:34:54 - Stopping ProtocolHandler ["http-nio-8080"]
2025-01-18 14:34:56 - Starting FeignClientConsumerServiceApplication using Java 17.0.12 with PID 22448 (C:\Users\Jitesh\Documents\services\FeignClientConsumerService\target\classes started by Jitesh in C:\Users\Jitesh\Documents\services\FeignClientConsumerService)
2025-01-18 14:34:56 - No active profile set, falling back to 1 default profile: "default"
2025-01-18 14:34:56 - BeanFactory id=09730233-8802-32db-a29d-b6cec1061cbe
2025-01-18 14:34:57 - Tomcat initialized with port 8080 (http)
2025-01-18 14:34:57 - Initializing ProtocolHandler ["http-nio-8080"]
2025-01-18 14:34:57 - Starting service [Tomcat]
2025-01-18 14:34:57 - Starting Servlet engine: [Apache Tomcat/10.1.34]
2025-01-18 14:34:57 - Initializing Spring embedded WebApplicationContext
2025-01-18 14:34:57 - Root WebApplicationContext: initialization completed in 781 ms
2025-01-18 14:34:57 - Failed to set up a Bean Validation provider: jakarta.validation.NoProviderFoundException: Unable to create a Configuration, because no Jakarta Bean Validation provider could be found. Add a provider like Hibernate Validator (RI) to your classpath.
2025-01-18 14:34:57 - Starting ProtocolHandler ["http-nio-8080"]
2025-01-18 14:34:57 - Tomcat started on port 8080 (http) with context path '/'
2025-01-18 14:34:57 - Started FeignClientConsumerServiceApplication in 2.007 seconds (process running for 2.491)
2025-01-18 14:35:16 - Initializing Spring DispatcherServlet 'dispatcherServlet'
2025-01-18 14:35:16 - Initializing Servlet 'dispatcherServlet'
2025-01-18 14:35:16 - Completed initialization in 0 ms
2025-01-18 14:35:16 - calling producer
2025-01-18 14:35:17 - calling producer
2025-01-18 14:35:17 - calling producer
2025-01-18 14:35:18 - calling producer
2025-01-18 14:44:15 - Application shutdown requested.
2025-01-18 14:44:15 - Commencing graceful shutdown. Waiting for active requests to complete
2025-01-18 14:44:15 - Pausing ProtocolHandler ["http-nio-8080"]
2025-01-18 14:44:15 - Graceful shutdown complete
2025-01-18 14:44:15 - Stopping ProtocolHandler ["http-nio-8080"]
2025-01-18 14:46:41 - Starting FeignClientConsumerServiceApplication using Java 17.0.12 with PID 22036 (C:\Users\Jitesh\Documents\services\FeignClientConsumerService\target\classes started by Jitesh in C:\Users\Jitesh\Documents\services\FeignClientConsumerService)
2025-01-18 14:46:41 - No active profile set, falling back to 1 default profile: "default"
2025-01-18 14:46:41 - BeanFactory id=09730233-8802-32db-a29d-b6cec1061cbe
2025-01-18 14:46:41 - Tomcat initialized with port 8080 (http)
2025-01-18 14:46:41 - Initializing ProtocolHandler ["http-nio-8080"]
2025-01-18 14:46:41 - Starting service [Tomcat]
2025-01-18 14:46:41 - Starting Servlet engine: [Apache Tomcat/10.1.34]
2025-01-18 14:46:41 - Initializing Spring embedded WebApplicationContext
2025-01-18 14:46:41 - Root WebApplicationContext: initialization completed in 757 ms
2025-01-18 14:46:42 - Failed to set up a Bean Validation provider: jakarta.validation.NoProviderFoundException: Unable to create a Configuration, because no Jakarta Bean Validation provider could be found. Add a provider like Hibernate Validator (RI) to your classpath.
2025-01-18 14:46:42 - Starting ProtocolHandler ["http-nio-8080"]
2025-01-18 14:46:42 - Tomcat started on port 8080 (http) with context path '/'
2025-01-18 14:46:42 - Started FeignClientConsumerServiceApplication in 1.964 seconds (process running for 2.469)
2025-01-18 14:47:25 - Application shutdown requested.
2025-01-18 14:47:25 - Commencing graceful shutdown. Waiting for active requests to complete
2025-01-18 14:47:25 - Pausing ProtocolHandler ["http-nio-8080"]
2025-01-18 14:47:25 - Graceful shutdown complete
2025-01-18 14:47:25 - Stopping ProtocolHandler ["http-nio-8080"]
2025-01-18 14:47:27 - Starting FeignClientConsumerServiceApplication using Java 17.0.12 with PID 10404 (C:\Users\Jitesh\Documents\services\FeignClientConsumerService\target\classes started by Jitesh in C:\Users\Jitesh\Documents\services\FeignClientConsumerService)
2025-01-18 14:47:27 - No active profile set, falling back to 1 default profile: "default"
2025-01-18 14:47:27 - BeanFactory id=09730233-8802-32db-a29d-b6cec1061cbe
2025-01-18 14:47:28 - Tomcat initialized with port 8080 (http)
2025-01-18 14:47:28 - Initializing ProtocolHandler ["http-nio-8080"]
2025-01-18 14:47:28 - Starting service [Tomcat]
2025-01-18 14:47:28 - Starting Servlet engine: [Apache Tomcat/10.1.34]
2025-01-18 14:47:28 - Initializing Spring embedded WebApplicationContext
2025-01-18 14:47:28 - Root WebApplicationContext: initialization completed in 788 ms
2025-01-18 14:47:28 - Failed to set up a Bean Validation provider: jakarta.validation.NoProviderFoundException: Unable to create a Configuration, because no Jakarta Bean Validation provider could be found. Add a provider like Hibernate Validator (RI) to your classpath.
2025-01-18 14:47:28 - Starting ProtocolHandler ["http-nio-8080"]
2025-01-18 14:47:28 - Tomcat started on port 8080 (http) with context path '/'
2025-01-18 14:47:28 - Started FeignClientConsumerServiceApplication in 2.037 seconds (process running for 2.518)
2025-01-18 14:48:01 - Initializing Spring DispatcherServlet 'dispatcherServlet'
2025-01-18 14:48:01 - Initializing Servlet 'dispatcherServlet'
2025-01-18 14:48:01 - Completed initialization in 0 ms
2025-01-18 14:48:01 - calling producer
2025-01-18 14:48:01 - calling producer
2025-01-18 14:48:01 - calling producer
2025-01-18 14:48:02 - calling producer
2025-01-18 14:48:02 - calling producer
2025-01-18 14:48:02 - calling producer
2025-01-18 14:48:03 - calling producer
2025-01-18 14:48:03 - calling producer
2025-01-18 14:48:04 - calling producer
2025-01-18 14:48:04 - calling producer
2025-01-18 14:48:04 - calling producer
2025-01-18 14:48:05 - calling producer
2025-01-18 14:48:05 - calling producer
2025-01-18 14:48:06 - calling producer
2025-01-18 14:48:06 - calling producer
2025-01-18 14:48:07 - calling producer
2025-01-18 14:48:07 - calling producer
2025-01-18 14:48:07 - calling producer
2025-01-18 14:48:08 - calling producer
2025-01-18 14:48:08 - calling producer
2025-01-18 14:48:09 - calling producer
2025-01-18 14:48:09 - calling producer
2025-01-18 14:48:29 - calling producer
2025-01-18 14:48:29 - calling producer
2025-01-18 14:48:30 - calling producer
2025-01-18 14:48:30 - calling producer
2025-01-18 14:48:30 - calling producer
2025-01-18 14:48:31 - calling producer
2025-01-18 14:48:31 - calling producer
2025-01-18 14:48:31 - calling producer
2025-01-18 14:48:31 - calling producer
2025-01-18 14:48:31 - calling producer
2025-01-18 14:48:47 - calling producer
2025-01-18 14:48:48 - calling producer
2025-01-18 14:48:48 - calling producer
2025-01-18 14:48:48 - calling producer
2025-01-18 14:48:48 - calling producer
2025-01-18 14:48:49 - calling producer
2025-01-18 14:48:49 - calling producer
2025-01-18 14:48:49 - calling producer
2025-01-18 14:48:49 - calling producer
2025-01-18 14:48:49 - calling producer
2025-01-18 14:48:50 - calling producer
2025-01-18 14:48:50 - calling producer
2025-01-18 14:48:50 - calling producer
2025-01-18 14:48:50 - calling producer
2025-01-18 14:48:51 - calling producer
2025-01-18 14:48:51 - calling producer
2025-01-18 14:48:51 - calling producer
2025-01-18 14:48:51 - calling producer
2025-01-18 14:48:51 - calling producer
2025-01-18 14:48:52 - calling producer
2025-01-18 14:48:52 - calling producer
2025-01-18 14:48:52 - calling producer
2025-01-18 14:48:52 - calling producer
2025-01-18 14:48:52 - calling producer
2025-01-18 14:48:53 - calling producer
2025-01-18 14:48:53 - calling producer
2025-01-18 14:48:53 - calling producer
2025-01-18 14:48:53 - calling producer
2025-01-18 14:48:53 - calling producer
2025-01-18 14:48:54 - calling producer
2025-01-18 14:48:54 - calling producer
2025-01-18 14:48:54 - calling producer
2025-01-18 14:48:54 - calling producer
2025-01-18 14:48:54 - calling producer
2025-01-18 14:48:55 - calling producer
2025-01-18 14:48:55 - calling producer
2025-01-18 14:49:28 - calling producer
2025-01-18 14:49:29 - calling producer
2025-01-18 14:49:29 - calling producer
2025-01-18 14:49:29 - calling producer
2025-01-18 14:49:29 - calling producer
2025-01-18 14:49:30 - calling producer
2025-01-18 14:49:30 - calling producer
2025-01-18 14:49:30 - calling producer
2025-01-18 14:49:30 - calling producer
2025-01-18 14:49:30 - calling producer
2025-01-18 14:49:31 - calling producer
2025-01-18 14:49:31 - calling producer
2025-01-18 14:49:31 - calling producer
2025-01-18 14:49:31 - calling producer
2025-01-18 14:49:31 - calling producer
2025-01-18 14:49:47 - calling producer
2025-01-18 14:49:47 - calling producer
2025-01-18 14:49:47 - calling producer
2025-01-18 14:49:47 - calling producer
2025-01-18 14:49:47 - calling producer
2025-01-18 14:49:48 - calling producer
2025-01-18 14:49:48 - calling producer
2025-01-18 14:49:48 - calling producer
2025-01-18 14:49:48 - calling producer
2025-01-18 14:49:48 - calling producer
2025-01-18 14:49:49 - calling producer
2025-01-18 14:49:49 - calling producer
2025-01-18 14:49:49 - calling producer
2025-01-18 14:49:49 - calling producer
2025-01-18 14:49:49 - calling producer
2025-01-18 14:49:50 - calling producer
2025-01-18 14:49:50 - calling producer
2025-01-18 14:49:50 - calling producer
2025-01-18 14:49:50 - calling producer
2025-01-18 14:49:50 - calling producer
2025-01-18 14:49:51 - calling producer
2025-01-18 14:49:51 - calling producer
2025-01-18 14:49:51 - calling producer
2025-01-18 14:50:39 - Application shutdown requested.
2025-01-18 14:50:39 - Commencing graceful shutdown. Waiting for active requests to complete
2025-01-18 14:50:39 - Pausing ProtocolHandler ["http-nio-8080"]
2025-01-18 14:50:39 - Graceful shutdown complete
2025-01-18 14:50:39 - Stopping ProtocolHandler ["http-nio-8080"]
2025-01-18 14:50:41 - Starting FeignClientConsumerServiceApplication using Java 17.0.12 with PID 20944 (C:\Users\Jitesh\Documents\services\FeignClientConsumerService\target\classes started by Jitesh in C:\Users\Jitesh\Documents\services\FeignClientConsumerService)
2025-01-18 14:50:41 - No active profile set, falling back to 1 default profile: "default"
2025-01-18 14:50:41 - BeanFactory id=09730233-8802-32db-a29d-b6cec1061cbe
2025-01-18 14:50:42 - Tomcat initialized with port 8080 (http)
2025-01-18 14:50:42 - Initializing ProtocolHandler ["http-nio-8080"]
2025-01-18 14:50:42 - Starting service [Tomcat]
2025-01-18 14:50:42 - Starting Servlet engine: [Apache Tomcat/10.1.34]
2025-01-18 14:50:42 - Initializing Spring embedded WebApplicationContext
2025-01-18 14:50:42 - Root WebApplicationContext: initialization completed in 761 ms
2025-01-18 14:50:42 - Failed to set up a Bean Validation provider: jakarta.validation.NoProviderFoundException: Unable to create a Configuration, because no Jakarta Bean Validation provider could be found. Add a provider like Hibernate Validator (RI) to your classpath.
2025-01-18 14:50:42 - Starting ProtocolHandler ["http-nio-8080"]
2025-01-18 14:50:42 - Tomcat started on port 8080 (http) with context path '/'
2025-01-18 14:50:42 - Started FeignClientConsumerServiceApplication in 1.987 seconds (process running for 2.471)
2025-01-18 14:51:00 - Initializing Spring DispatcherServlet 'dispatcherServlet'
2025-01-18 14:51:00 - Initializing Servlet 'dispatcherServlet'
2025-01-18 14:51:00 - Completed initialization in 0 ms
2025-01-18 14:51:00 - calling producer
2025-01-18 14:51:01 - calling producer
2025-01-18 14:51:01 - calling producer
2025-01-18 14:51:01 - calling producer
2025-01-18 14:51:02 - calling producer
2025-01-18 14:51:02 - calling producer
2025-01-18 14:51:02 - calling producer
2025-01-18 14:51:02 - calling producer
2025-01-18 14:51:02 - calling producer
2025-01-18 14:51:03 - calling producer
2025-01-18 14:51:03 - calling producer
2025-01-18 14:51:03 - calling producer
2025-01-18 14:51:15 - calling producer
2025-01-18 14:51:15 - calling producer
2025-01-18 14:51:15 - calling producer
2025-01-18 14:51:15 - calling producer
2025-01-18 14:51:15 - calling producer
2025-01-18 14:51:16 - calling producer
2025-01-18 14:51:16 - calling producer
2025-01-18 14:51:16 - calling producer
2025-01-18 14:51:16 - calling producer
2025-01-18 14:51:17 - calling producer
2025-01-18 14:51:17 - calling producer
2025-01-18 14:51:17 - calling producer
2025-01-18 14:51:17 - calling producer
2025-01-18 14:51:17 - calling producer
2025-01-18 14:51:18 - calling producer
2025-01-18 14:51:18 - calling producer
2025-01-18 14:51:18 - calling producer
2025-01-18 14:51:18 - calling producer
2025-01-18 14:51:19 - calling producer
2025-01-18 14:51:19 - calling producer
2025-01-18 14:51:19 - calling producer
2025-01-18 14:51:19 - calling producer
2025-01-18 14:51:19 - calling producer
2025-01-18 14:51:20 - calling producer
2025-01-18 14:51:20 - calling producer
2025-01-18 14:51:20 - calling producer
2025-01-18 14:51:20 - calling producer
